<?xml version="1.0" encoding="UTF-8"?>
<!-- Generated by org.testng.reporters.JUnitReportReporter -->
<testsuite skipped="0" hostname="DESKTOP-CN3CBMR" name="pack1.CloudTest" tests="1" failures="0" timestamp="31 Jan 2022 07:52:35 GMT" time="24.793" errors="0">
  <testcase name="test1" time="24.793" classname="pack1.CloudTest"/>
</testsuite> <!-- pack1.CloudTest -->
