<?xml version="1.0" encoding="UTF-8"?>
<!-- Generated by org.testng.reporters.JUnitReportReporter -->
<testsuite skipped="0" hostname="DESKTOP-CN3CBMR" name="pack1.Project1" tests="3" failures="0" timestamp="27 Jan 2022 16:10:58 GMT" time="118.844" errors="0">
  <testcase name="laptoptest" time="35.426" classname="pack1.Project1"/>
  <testcase name="spktest" time="51.271" classname="pack1.Project1"/>
  <testcase name="tablettest" time="32.147" classname="pack1.Project1"/>
</testsuite> <!-- pack1.Project1 -->
